<?xml version="1.0" encoding="UTF-8"?>
<!-- Generated by org.testng.reporters.JUnitXMLReporter -->
<testsuite hostname="DESKTOP-FUDE26F" ignored="0" name="Add_01" tests="1" failures="1" timestamp="2020-06-17T22:43:34 ICT" time="2.2" errors="0">
  <testcase name="addStaff1" time="0.092" classname="Test.DepartDaoTest">
    <failure type="java.lang.AssertionError" message="expected [true] but found [false]">
      <![CDATA[java.lang.AssertionError: expected [true] but found [false]
at Test.DepartDaoTest.addStaff1(DepartDaoTest.java:70)
at org.springframework.test.context.testng.AbstractTestNGSpringContextTests.run(AbstractTestNGSpringContextTests.java:172)
at java.util.ArrayList.forEach(Unknown Source)
... Removed 34 stack frames]]>
    </failure>
  </testcase> <!-- addStaff1 -->
</testsuite> <!-- Add_01 -->
