<?xml version="1.0" encoding="UTF-8"?>
<!-- Generated by org.testng.reporters.JUnitXMLReporter -->
<testsuite hostname="DESKTOP-FV9RENB" ignored="0" name="QLNV_06" tests="1" failures="1" timestamp="26 Jun 2020 15:03:59 GMT" time="0.022" errors="0">
  <testcase name="addStaff1" time="0.014" classname="Test.StaffDaoTest">
    <failure type="org.testng.internal.reflect.MethodMatcherException" message="
Data provider mismatch
Method: addStaff1([Parameter{index=0, type=java.lang.String, declaredAnnotations=[@org.testng.annotations.Optional(value=null)]}, Parameter{index=1, type=java.lang.String, declaredAnnotations=[@org.testng.annotations.Optional(value=null)]}, Parameter{index=2, type=boolean, declaredAnnotations=[@org.testng.annotations.Optional(value=null)]}, Parameter{index=3, type=java.lang.String, declaredAnnotations=[@org.testng.annotations.Optional(value=null)]}, Parameter{index=4, type=java.lang.String, declaredAnnotations=[@org.testng.annotations.Optional(value=null)]}, Parameter{index=5, type=java.lang.String, declaredAnnotations=[@org.testng.annotations.Optional(value=null)]}, Parameter{index=6, type=java.lang.String, declaredAnnotations=[@org.testng.annotations.Optional(value=null)]}, Parameter{index=7, type=java.lang.Double, declaredAnnotations=[@org.testng.annotations.Optional(value=null)]}, Parameter{index=8, type=java.lang.String, declaredAnnotations=[@org.testng.annotations.Optional(value=null)]}, Parameter{index=9, type=java.lang.String, declaredAnnotations=[@org.testng.annotations.Optional(value=null)]}, Parameter{index=10, type=boolean, declaredAnnotations=[@org.testng.annotations.Optional(value=null)]}])
Arguments: [null,null,null,null,null,null,null,null,null,null,(java.lang.Boolean) false]">
      <![CDATA[org.testng.internal.reflect.MethodMatcherException: 
Data provider mismatch
Arguments: [null,null,null,null,null,null,null,null,null,null,(java.lang.Boolean) false]
... Removed 21 stack frames]]>
    </failure>
  </testcase> <!-- addStaff1 -->
</testsuite> <!-- QLNV_06 -->
