<?xml version="1.0" encoding="UTF-8"?>
<!-- Generated by org.testng.reporters.JUnitXMLReporter -->
<testsuite hostname="DESKTOP-FV9RENB" ignored="0" name="QLNV_28" tests="1" failures="1" timestamp="26 Jun 2020 15:04:01 GMT" time="0.004" errors="0">
  <testcase name="addStaff1" time="0.0" classname="Test.StaffDaoTest">
    <failure type="org.testng.TestNGException" message="
Conversion issue on parameter: salary">
      <![CDATA[org.testng.TestNGException: 
Conversion issue on parameter: salary
Caused by: java.lang.NumberFormatException: For input string: "10000%$%#$^#^"
at sun.misc.FloatingDecimal.readJavaFormatString(Unknown Source)
at sun.misc.FloatingDecimal.parseDouble(Unknown Source)
at java.lang.Double.parseDouble(Unknown Source)
at java.lang.Double.valueOf(Unknown Source)
... 24 more
... Removed 26 stack frames]]>
    </failure>
  </testcase> <!-- addStaff1 -->
</testsuite> <!-- QLNV_28 -->
