<?xml version="1.0" encoding="UTF-8"?>
<!-- Generated by org.testng.reporters.JUnitXMLReporter -->
<testsuite hostname="DESKTOP-FV9RENB" ignored="0" name="QLNV_25" tests="1" failures="1" timestamp="26 Jun 2020 15:04:01 GMT" time="0.165" errors="0">
  <testcase name="addStaff1" time="0.058" classname="Test.StaffDaoTest">
    <failure type="java.lang.AssertionError" message="expected [false] but found [true]">
      <![CDATA[java.lang.AssertionError: expected [false] but found [true]
at Test.StaffDaoTest.addStaff1(StaffDaoTest.java:79)
at org.springframework.test.context.testng.AbstractTestNGSpringContextTests.run(AbstractTestNGSpringContextTests.java:172)
... Removed 32 stack frames]]>
    </failure>
  </testcase> <!-- addStaff1 -->
</testsuite> <!-- QLNV_25 -->
