<?xml version="1.0" encoding="UTF-8"?>
<!-- Generated by org.testng.reporters.JUnitXMLReporter -->
<testsuite hostname="DESKTOP-FV9RENB" ignored="0" name="QLPB_010" tests="1" failures="1" timestamp="26 Jun 2020 14:07:09 GMT" time="0.071" errors="0">
  <testcase name="addStaff1" time="0.03" classname="Test.DepartDaoTest">
    <failure type="java.lang.AssertionError" message="expected [false] but found [true]">
      <![CDATA[java.lang.AssertionError: expected [false] but found [true]
at Test.DepartDaoTest.addStaff1(DepartDaoTest.java:66)
at org.springframework.test.context.testng.AbstractTestNGSpringContextTests.run(AbstractTestNGSpringContextTests.java:172)
... Removed 33 stack frames]]>
    </failure>
  </testcase> <!-- addStaff1 -->
</testsuite> <!-- QLPB_010 -->
