<?xml version="1.0" encoding="UTF-8"?>
<!-- Generated by org.testng.reporters.JUnitXMLReporter -->
<testsuite hostname="DESKTOP-FV9RENB" ignored="0" name="QLTK_0013" tests="1" failures="1" timestamp="26 Jun 2020 14:06:02 GMT" time="0.067" errors="0">
  <testcase name="addUser" time="0.033" classname="Test.UserDAOTest">
    <failure type="java.lang.AssertionError" message="expected [true] but found [false]">
      <![CDATA[java.lang.AssertionError: expected [true] but found [false]
at Test.UserDAOTest.addUser(UserDAOTest.java:83)
at org.springframework.test.context.testng.AbstractTestNGSpringContextTests.run(AbstractTestNGSpringContextTests.java:172)
... Removed 33 stack frames]]>
    </failure>
  </testcase> <!-- addUser -->
</testsuite> <!-- QLTK_0013 -->
